<?xml version="1.0" encoding="UTF-8"?>
<!-- Generated by org.testng.reporters.JUnitXMLReporter -->
<testsuite hostname="SDG0SSDLOS" ignored="0" name="Default test" tests="7" failures="0" timestamp="23 Apr 2018 20:52:23 GMT" time="50.536" errors="0">
  <testcase name="openBrowser" time="28.467" classname="sampleDMProject.sampleDarkMatter"/>
  <testcase name="addEntry" time="14.053" classname="sampleDMProject.sampleDarkMatter"/>
  <testcase name="selectEntry" time="1.195" classname="sampleDMProject.sampleDarkMatter"/>
  <testcase name="switchStatus" time="2.238" classname="sampleDMProject.sampleDarkMatter"/>
  <testcase name="clearEntry" time="3.361" classname="sampleDMProject.sampleDarkMatter"/>
  <testcase name="editEntry" time="1.145" classname="sampleDMProject.sampleDarkMatter"/>
  <testcase name="closeBrowser" time="0.003" classname="sampleDMProject.sampleDarkMatter"/>
</testsuite> <!-- Default test -->
