<?xml version="1.0" encoding="UTF-8"?>
<!-- Generated by org.testng.reporters.JUnitXMLReporter -->
<testsuite hostname="SDG0SSDLOS" ignored="0" name="Test" tests="7" failures="0" timestamp="23 Apr 2018 21:00:17 GMT" time="52.453" errors="0">
  <testcase name="openBrowser" time="28.814" classname="sampleDMProject.sampleDarkMatter"/>
  <testcase name="addEntry" time="14.312" classname="sampleDMProject.sampleDarkMatter"/>
  <testcase name="selectEntry" time="1.131" classname="sampleDMProject.sampleDarkMatter"/>
  <testcase name="switchStatus" time="2.306" classname="sampleDMProject.sampleDarkMatter"/>
  <testcase name="clearEntry" time="3.459" classname="sampleDMProject.sampleDarkMatter"/>
  <testcase name="editEntry" time="1.17" classname="sampleDMProject.sampleDarkMatter"/>
  <testcase name="closeBrowser" time="1.189" classname="sampleDMProject.sampleDarkMatter"/>
</testsuite> <!-- Test -->
